;;; TOOL: run-interp-spec
;;; STDIN_FILE: third_party/testsuite/proposals/exception-handling/binary.wast
;;; ARGS*: --enable-exceptions
(;; STDOUT ;;;
out/test/spec/exception-handling/binary.wast:6: assert_malformed passed:
  0000000: error: unable to read uint32_t: magic
out/test/spec/exception-handling/binary.wast:7: assert_malformed passed:
  0000000: error: unable to read uint32_t: magic
out/test/spec/exception-handling/binary.wast:8: assert_malformed passed:
  0000000: error: unable to read uint32_t: magic
out/test/spec/exception-handling/binary.wast:9: assert_malformed passed:
  0000004: error: bad magic value
out/test/spec/exception-handling/binary.wast:10: assert_malformed passed:
  0000004: error: bad magic value
out/test/spec/exception-handling/binary.wast:11: assert_malformed passed:
  0000004: error: bad magic value
out/test/spec/exception-handling/binary.wast:12: assert_malformed passed:
  0000004: error: bad magic value
out/test/spec/exception-handling/binary.wast:13: assert_malformed passed:
  0000004: error: bad magic value
out/test/spec/exception-handling/binary.wast:14: assert_malformed passed:
  0000004: error: bad magic value
out/test/spec/exception-handling/binary.wast:15: assert_malformed passed:
  0000004: error: bad magic value
out/test/spec/exception-handling/binary.wast:16: assert_malformed passed:
  0000004: error: bad magic value
out/test/spec/exception-handling/binary.wast:17: assert_malformed passed:
  0000004: error: bad magic value
out/test/spec/exception-handling/binary.wast:18: assert_malformed passed:
  0000004: error: bad magic value
out/test/spec/exception-handling/binary.wast:21: assert_malformed passed:
  0000004: error: bad magic value
out/test/spec/exception-handling/binary.wast:24: assert_malformed passed:
  0000004: error: bad magic value
out/test/spec/exception-handling/binary.wast:25: assert_malformed passed:
  0000004: error: bad magic value
out/test/spec/exception-handling/binary.wast:28: assert_malformed passed:
  0000004: error: bad magic value
out/test/spec/exception-handling/binary.wast:31: assert_malformed passed:
  0000004: error: bad magic value
out/test/spec/exception-handling/binary.wast:34: assert_malformed passed:
  0000004: error: bad magic value
out/test/spec/exception-handling/binary.wast:37: assert_malformed passed:
  0000004: error: unable to read uint32_t: version
out/test/spec/exception-handling/binary.wast:38: assert_malformed passed:
  0000004: error: unable to read uint32_t: version
out/test/spec/exception-handling/binary.wast:39: assert_malformed passed:
  0000004: error: unable to read uint32_t: version
out/test/spec/exception-handling/binary.wast:40: assert_malformed passed:
  0000008: error: bad wasm file version: 0 (expected 0x1)
out/test/spec/exception-handling/binary.wast:41: assert_malformed passed:
  0000008: error: bad wasm file version: 0xd (expected 0x1)
out/test/spec/exception-handling/binary.wast:42: assert_malformed passed:
  0000008: error: bad wasm file version: 0xe (expected 0x1)
out/test/spec/exception-handling/binary.wast:43: assert_malformed passed:
  0000008: error: bad wasm file version: 0x100 (expected 0x1)
out/test/spec/exception-handling/binary.wast:44: assert_malformed passed:
  0000008: error: bad wasm file version: 0x10000 (expected 0x1)
out/test/spec/exception-handling/binary.wast:45: assert_malformed passed:
  0000008: error: bad wasm file version: 0x1000000 (expected 0x1)
out/test/spec/exception-handling/binary.wast:48: assert_malformed passed:
  000000a: error: invalid section code: 14
out/test/spec/exception-handling/binary.wast:49: assert_malformed passed:
  000000a: error: invalid section code: 127
out/test/spec/exception-handling/binary.wast:50: assert_malformed passed:
  000000a: error: invalid section code: 128
out/test/spec/exception-handling/binary.wast:51: assert_malformed passed:
  000000a: error: invalid section code: 129
out/test/spec/exception-handling/binary.wast:52: assert_malformed passed:
  000000a: error: invalid section code: 255
out/test/spec/exception-handling/binary.wast:56: assert_malformed passed:
  000001b: error: function body must end with END opcode
out/test/spec/exception-handling/binary.wast:77: assert_malformed passed:
  000001a: error: function body must end with END opcode
out/test/spec/exception-handling/binary.wast:93: assert_malformed passed:
  000001a: error: function body must end with END opcode
out/test/spec/exception-handling/binary.wast:113: assert_malformed passed:
  0000019: error: init expression must end with END opcode
out/test/spec/exception-handling/binary.wast:126: assert_malformed passed:
  0000020: error: memory.grow reserved value must be 0
out/test/spec/exception-handling/binary.wast:146: assert_malformed passed:
  0000020: error: memory.grow reserved value must be 0
out/test/spec/exception-handling/binary.wast:166: assert_malformed passed:
  0000020: error: memory.grow reserved value must be 0
out/test/spec/exception-handling/binary.wast:185: assert_malformed passed:
  0000020: error: memory.grow reserved value must be 0
out/test/spec/exception-handling/binary.wast:204: assert_malformed passed:
  0000020: error: memory.grow reserved value must be 0
out/test/spec/exception-handling/binary.wast:224: assert_malformed passed:
  000001e: error: memory.size reserved value must be 0
out/test/spec/exception-handling/binary.wast:243: assert_malformed passed:
  000001e: error: memory.size reserved value must be 0
out/test/spec/exception-handling/binary.wast:262: assert_malformed passed:
  000001e: error: memory.size reserved value must be 0
out/test/spec/exception-handling/binary.wast:280: assert_malformed passed:
  000001e: error: memory.size reserved value must be 0
out/test/spec/exception-handling/binary.wast:298: assert_malformed passed:
  000001e: error: memory.size reserved value must be 0
out/test/spec/exception-handling/binary.wast:317: assert_malformed passed:
  0000017: error: unable to read u32 leb128: local type count
out/test/spec/exception-handling/binary.wast:334: assert_malformed passed:
  0000017: error: unable to read u32 leb128: local type count
out/test/spec/exception-handling/binary.wast:351: assert_malformed passed:
  000001e: error: local count must be <= 0xffffffff
out/test/spec/exception-handling/binary.wast:367: assert_malformed passed:
  0000030: error: local count must be <= 0xffffffff
out/test/spec/exception-handling/binary.wast:401: assert_malformed passed:
  0000013: error: function signature count != function body count
out/test/spec/exception-handling/binary.wast:411: assert_malformed passed:
  000000b: error: function signature count != function body count
out/test/spec/exception-handling/binary.wast:420: assert_malformed passed:
  0000016: error: function signature count != function body count
out/test/spec/exception-handling/binary.wast:431: assert_malformed passed:
  0000015: error: function signature count != function body count
out/test/spec/exception-handling/binary.wast:454: assert_malformed passed:
  000000e: error: data segment count does not equal count in DataCount section
out/test/spec/exception-handling/binary.wast:464: assert_malformed passed:
  000000e: error: data segment count does not equal count in DataCount section
out/test/spec/exception-handling/binary.wast:474: assert_malformed passed:
  0000024: error: memory.init requires data count section
out/test/spec/exception-handling/binary.wast:496: assert_malformed passed:
  000001e: error: data.drop requires data count section
out/test/spec/exception-handling/binary.wast:515: assert_malformed passed:
  0000024: error: unexpected opcode: 0xf3
out/test/spec/exception-handling/binary.wast:541: assert_malformed passed:
  0000022: error: table elem type must be a reference type
out/test/spec/exception-handling/binary.wast:622: assert_malformed passed:
  000000a: error: invalid section size: extends past end
out/test/spec/exception-handling/binary.wast:633: assert_malformed passed:
  000000e: error: unfinished section (expected end: 0x11)
out/test/spec/exception-handling/binary.wast:652: assert_malformed passed:
  000000e: error: malformed import kind: 5
out/test/spec/exception-handling/binary.wast:662: assert_malformed passed:
  000000e: error: malformed import kind: 5
out/test/spec/exception-handling/binary.wast:673: assert_malformed passed:
  000000e: error: malformed import kind: 5
out/test/spec/exception-handling/binary.wast:683: assert_malformed passed:
  000000e: error: malformed import kind: 5
out/test/spec/exception-handling/binary.wast:694: assert_malformed passed:
  000000e: error: malformed import kind: 128
out/test/spec/exception-handling/binary.wast:704: assert_malformed passed:
  000000e: error: malformed import kind: 128
out/test/spec/exception-handling/binary.wast:717: assert_malformed passed:
  0000027: error: unable to read u32 leb128: string length
out/test/spec/exception-handling/binary.wast:736: assert_malformed passed:
  000002b: error: unfinished section (expected end: 0x40)
out/test/spec/exception-handling/binary.wast:767: assert_malformed passed:
  000000b: error: invalid table count 1, only 0 bytes left in section
out/test/spec/exception-handling/binary.wast:777: assert_malformed passed:
  000000d: error: tables may not be shared
out/test/spec/exception-handling/binary.wast:786: assert_malformed passed:
  000000d: error: tables may not be shared
out/test/spec/exception-handling/binary.wast:796: assert_malformed passed:
  000000d: error: malformed table limits flag: 129
out/test/spec/exception-handling/binary.wast:814: assert_malformed passed:
  000000b: error: invalid memory count 1, only 0 bytes left in section
out/test/spec/exception-handling/binary.wast:824: assert_malformed passed:
  000000c: error: memory may not be shared: threads not allowed
out/test/spec/exception-handling/binary.wast:832: assert_malformed passed:
  000000c: error: memory may not be shared: threads not allowed
out/test/spec/exception-handling/binary.wast:841: assert_malformed passed:
  000000c: error: malformed memory limits flag: 129
out/test/spec/exception-handling/binary.wast:850: assert_malformed passed:
  000000c: error: malformed memory limits flag: 129
out/test/spec/exception-handling/binary.wast:867: assert_malformed passed:
  0000010: error: unable to read i32 leb128: global type
out/test/spec/exception-handling/binary.wast:878: assert_malformed passed:
  0000010: error: unfinished section (expected end: 0x15)
out/test/spec/exception-handling/binary.wast:901: assert_malformed passed:
  000001b: error: unable to read u32 leb128: string length
out/test/spec/exception-handling/binary.wast:922: assert_malformed passed:
  000001b: error: unfinished section (expected end: 0x20)
out/test/spec/exception-handling/binary.wast:956: assert_malformed passed:
  0000021: error: unable to read u32 leb128: elem segment flags
out/test/spec/exception-handling/binary.wast:972: assert_malformed passed:
  0000024: error: init expression must end with END opcode
out/test/spec/exception-handling/binary.wast:989: assert_malformed passed:
  0000021: error: unfinished section (expected end: 0x27)
out/test/spec/exception-handling/binary.wast:1015: assert_malformed passed:
  0000016: error: unable to read u32 leb128: data segment flags
out/test/spec/exception-handling/binary.wast:1028: assert_malformed passed:
  0000016: error: unfinished section (expected end: 0x1c)
out/test/spec/exception-handling/binary.wast:1041: assert_malformed passed:
  0000015: error: unable to read data: data segment data
out/test/spec/exception-handling/binary.wast:1055: assert_malformed passed:
  000001a: error: unfinished section (expected end: 0x1b)
out/test/spec/exception-handling/binary.wast:1086: assert_malformed passed:
  0000027: error: function body must end with END opcode
out/test/spec/exception-handling/binary.wast:1121: assert_malformed passed:
  0000017: error: multiple Start sections
112/112 tests passed.
;;; STDOUT ;;)
